<?xml version="1.0" encoding="UTF-8"?>
<!-- Generated by org.testng.reporters.JUnitReportReporter -->
<testsuite hostname="Reza" failures="0" tests="3" name="com.facebookTest.FacebookTest" time="8.714" errors="0" timestamp="2023-09-10T10:26:37 EDT" skipped="0">
  <testcase classname="com.facebookTest.FacebookTest" name="Test1" time="0.008"/>
  <system-out/>
  <testcase classname="com.facebookTest.FacebookTest" name="openEdgeBrowser" time="3.675"/>
  <system-out/>
  <testcase classname="com.facebookTest.FacebookTest" name="openChromeBrowser" time="5.031"/>
  <system-out/>
</testsuite> <!-- com.facebookTest.FacebookTest -->
