<?xml version="1.0" encoding="UTF-8"?>
<!-- Generated by org.testng.reporters.JUnitReportReporter -->
<testsuite hostname="Reza" failures="0" tests="3" name="com.facebook.locators.DoubleXpath" time="0.784" errors="0" timestamp="2023-09-12T10:33:40 EDT" skipped="0">
  <testcase classname="com.facebook.locators.DoubleXpath" name="doublexPathTest" time="0.617"/>
  <system-out/>
  <testcase classname="com.facebook.locators.DoubleXpath" name="andCondition" time="0.090"/>
  <system-out/>
  <testcase classname="com.facebook.locators.DoubleXpath" name="orCondition" time="0.077"/>
  <system-out/>
</testsuite> <!-- com.facebook.locators.DoubleXpath -->
