<?xml version="1.0" encoding="UTF-8"?>
<!-- Generated by org.testng.reporters.JUnitReportReporter -->
<testsuite hostname="Reza" failures="0" tests="1" name="com.facebook.locators.RegularXpath" time="0.219" errors="0" timestamp="2023-09-12T10:38:11 EDT" skipped="0">
  <testcase classname="com.facebook.locators.RegularXpath" name="loginTest" time="0.219"/>
  <system-out/>
</testsuite> <!-- com.facebook.locators.RegularXpath -->
