<?xml version="1.0" encoding="UTF-8"?>
<!-- Generated by org.testng.reporters.JUnitReportReporter -->
<testsuite hostname="Reza" failures="0" tests="4" name="com.facebook.locators.DirectLocators" time="1.231" errors="0" timestamp="2023-09-10T11:31:24 EDT" skipped="0">
  <testcase classname="com.facebook.locators.DirectLocators" name="linkTextLocators" time="0.522"/>
  <system-out/>
  <testcase classname="com.facebook.locators.DirectLocators" name="partialLinkTest" time="0.560"/>
  <system-out/>
  <testcase classname="com.facebook.locators.DirectLocators" name="nameLocator" time="0.078"/>
  <system-out/>
  <testcase classname="com.facebook.locators.DirectLocators" name="idLocators" time="0.071"/>
  <system-out/>
</testsuite> <!-- com.facebook.locators.DirectLocators -->
