<?xml version="1.0" encoding="UTF-8"?>
<!-- Generated by org.testng.reporters.JUnitReportReporter -->
<testsuite hostname="Reza" failures="0" tests="1" name="com.facebook.locators.ContainFunctionXpath" time="0.011" errors="0" timestamp="2023-09-17T11:18:35 EDT" skipped="0">
  <testcase classname="com.facebook.locators.ContainFunctionXpath" name="containFunction" time="0.011"/>
  <system-out/>
</testsuite> <!-- com.facebook.locators.ContainFunctionXpath -->
